<?xml version="1.0" encoding="UTF-8"?>
<testng-results skipped="0" failed="0" ignored="0" total="1" passed="1">
  <reporter-output>
  </reporter-output>
  <suite name="Default suite" duration-ms="41216" started-at="2020-12-12T14:20:18 EST" finished-at="2020-12-12T14:20:59 EST">
    <groups>
    </groups>
    <test name="Default test" duration-ms="41216" started-at="2020-12-12T14:20:18 EST" finished-at="2020-12-12T14:20:59 EST">
      <class name="examples.BookMyshowVirtualDevice">
        <test-method status="PASS" signature="Login()[pri:0, instance:examples.BookMyshowVirtualDevice@cd2dae5]" name="Login" duration-ms="41057" started-at="2020-12-12T14:20:18 EST" finished-at="2020-12-12T14:20:59 EST">
          <reporter-output>
          </reporter-output>
        </test-method> <!-- Login -->
      </class> <!-- examples.BookMyshowVirtualDevice -->
    </test> <!-- Default test -->
  </suite> <!-- Default suite -->
</testng-results>
